[  0000000]Inializincgoup ssycpuse
[  0.0000 Iitializing cgroup subsys cpu    .000] Initializing cgroupsubsyscpacct
[  0.000 Linx erio4.0-116enic (uid@gw-a64-021) (gc vrsion 5.4.0 206009(Uunu .4.0-6uuntu1~16.04.9) ) #140-Ubuntu SP Mon Feb 12 21:23:04 UTC 2018 (Ubuntu 4.4.0-116.140-generic 4.4.98)
[    0.000000 Commanli: BOOT_IMAGE=/oot/vmliz-.4.011genericoo=LAL=cludimg-rootfs ro console=tty csole=tyS
   0.000000] KERNEL supported cpus:
[    0.000000]   Intel GenuineIntel
[    0.000000]   AMD AuthenticAMD
[    0.000000]   Centaur CentaurHauls
[    0.000000] x86/fpu: xstate_offset[2]:  576, xstate_sizes[2]:  256
[    0.000000] x86/fpu: Supporting XSAVE feature 0x01: 'x87 floating point registers'
[    0.000000] x86/fpu: Supporting XSAVE feature 0x02: 'SSE registers'
[    0.000000] x86/fpu: Supporting XSAVE featurex0: 'AVX registers'
[    0.000000] x86/fpu: Enabled xstate features x7cotext sie  832yt, usngstndar' rmat.[   00000 x8fp: Using 'lazy' FPU cotet swihe.[  0.0000]e820 BS-roviedphysicl M ap:   00000 BIOe80:me0x0000000000000x0000009fff] uab
    .000] IOe80: [m 000000009c00x0000000009fff rseve
[   0.000] BIOSe8: [mem0x0000000000-000000000ff] resrv
    0.000000] BIOS-e820: [mem 0x0000000000100000-0x000000003ffeff ubl
[    0.000] IOS-82 [em 0x00003ff00-x00000fffffff]CPdata[   00000] OS-e82 [em0x00000000fec0000-000000c00fff]rerved
[  00000 BS-e820 [m x0000000e0000-000000fe0ff] reerd
[  .00000]IO-e820:[m 0x00000ffc000x00000ffffff] rseed
[    00000] NX (xecu Dsabl ptectn:activ
[    0.000000] SMBIOS 2.5 present.
[    0.00000 Herisordectd: KM    00000 e820: lstfn =0x3f0max_arch_pfn= 4000000    0.000] MTR Dsale
[    0.000000] x86/PAT: MTRRs disabled, skipping PAT initializatio too
  0.0000] PU MTR allblank - virtualized system.
[    0.000000] x86/PAT: Configuration [0-7]: WB  WT  UC- UC  WB  WT  UC- UC  
[    0.000000] found SMP MP-table at [mem 0x0009fff0-0x009ff] maped at [ffff8800009fff0]
[    0.000]caing  aasfolomemoy rrption[   0.000000] RAMDISK: [mem 0x36ac0000-0x37557fff][    00000]ACPI Elytabl cckum vericationdibld
[   00000]CP RSD 0000000000E0000 000024 (v02 VBOX  )
[    0.000000] ACPI: XSDT 0x000000003FFF0030 00003C (v01 VBOX   VBOXXSDT 00000001 ASL  00001)
[    0000] APIFAP 0x00003FF0F00000F(v04 VBOX   VBOXFACP 00000001 ASL  00000061)
[    0.000000] ACPI: DSDT 0x000000003FFF0470 0021FF (v02 VBOX   VBOXBIOS 00000002 INTL 20100528)
[    0.000000] ACPI: FACS 0x000000003FFF0200 000040
[    0.000000] ACPI: FACS 0x000000003FFF0200 000040
[    0.000000] ACPI: APIC 0x000000003FF40 005C(v02 VBOX   VBOXAPIC 00000001 SL 0000061)
[    0.000000] ACPI: SSDT 0x000000003FFF02A0 0001CC (v01 VBOX   VBOXCPUT 00000002 INTL 20100528)
[    0.000000] No NUMA configuration found
[    0.000000] Faking a node at [mem 0x000000000000000x00000ffeffff][    0.0000 NDEAT(0) allcad mem 03fb000-3fffff][   00000] kvm-oc: Using ms 4b564d0 ad 4b56400
[    .000] kvmlok: cp 0msr 0:fe301,prmary u ock
[  000000]vmclok:sig ch ofsetof41360693 ycs
[  00000] losource: kvmlok:mask 0ffffffffffff mx_cls: x1424dffb, max_idlens: 81559483 n
[  0.0000 Zne rngs:
  0.00000]  MA  [[mem 00000000000-x0000000fff]
[  000000]   DMA32    [mem 000000010000000x000003ffff]
[  .0000  Normal  ety
[  00000] Deice emy
[  000000] ovabe znestar f eac ne
[  .00000Ealy mornode ng
[    000000]   ode   0 [m x000000001000x000000000009efff]
[    0.000000]   node   0: [mem 0x0000000000100000-0x000000003ffeffff]
[    0.000000 Intm stu ne  [emx000000010000x000003feff]
[   0.0000]ACI:M-imerIOPort:0x4008
[    0.000000] IOAPIC[0]: apic_id 2, version 32, address 0xfec00000, GSI 23
[    00000] CP: T_RC_OVR (bus 0 bus_irq 0 globa_iq 2 d dl)
[    0.000] ACPI: NTRC_O (s 0 bs_q  globl_q 9 owevl)
[   00000]Usg ACPI(MDT fr MPonfiguatoninforti
[   0.000] smpboo: llowig 2CPUs0 otplug PU
[   0.000000] PM: Registered nosave memory: [mem 0x00000000-0x00000fff]
[    0.000000]PM Regsted nosa mory: [m 00009000x009ff]
[  0.00000PM Rgierd noavmeor: em0x0a00-000fff]
[  000000 P Regstednosav mor: [m x00f000-0000fff]
  0.0000 e820: [mm x40000-0xfebfff aailaleorPCdeces[   .000] otg paravtulized kernl n VM
[  .000000] clocksource: refined-jiffies: mask: 0xffffffff max_cycles: 0xffffffff, max_idle_ns: 764551960021168s
[  00000] tu_percpu: NR_CPUS:512 nr_cpumskits:512nr_puids:nr_nod_i:1
[  00000 PERCPU Eedded 3 pescpu @ffff88003fc00000 s99544 r8192 d31528 u1048576
[    0.000000] PV qspinlock hash table entries: 256 (order: 0, 4096 bytes)
[  000000]Bult 1 neiss  Nde ord, obility grouping on.  Total pages: 257913
[    0.000000] Policy zone: DMA32
[    0.000000] Kernel command line: BOOT_IMAGE=/boot/vmlinuz-4.4.0-116-generic root=LABEL=cloudimg-rootfs ro console=tty1 console=ttyS0
[    0.000000] PID hash table entries: 4096 (order: 3, 32768 bytes)
[    0.000000] Memory: 1014K104820avaiab (530Kkeelcode, 30 rdata392K rodata, 1508K init,136K bss, 43 reserve 0 c-resered)
[   0.000]SLUBHWign=4,rdr=0-3 MObects0,PU=2Nos=1
[    0000] Krn/Uer pagetaes isolio: abd
[    .000] Hierachca RCU iplentatio
   0.00000]	Bild-ti ajutmt f lef fanout to 64.
[    0.000000] 	RCU restricting CPU fom NCPS=51 tnr_cpu_ids2.
[  0.00000]RC Adjusting geometry for rcu_fanout_leaf=64, nr_cpu_ids=
[   .00000NR_IRQ:33024 nr_irqs:440 16
[    0.000000] Console: colour VGA+ 80x25
[    0.000000]coole [ty eabled
[   000000]coole [ttS0enbled   0.000000] tsc: Detected 2699.998 MHz processor
[   18.646205] Calibrating delay loop (skipped) preset value.. 5399.99 BogoMIPS (lpj=10799992)
[   18.809798] pid_max: default: 32768 minimum: 301
[   18.885886] ACPI: Core revision 20150930
[   18.944757] ACPI: 2 ACPI AML tables successfully acquired and loaded
[   18.963562] Security Framework initialized
[   18.972474] Yama: becoming mindful.
[   18.983085] AppArmor: AppArmor initialized
[   18.993756] Dentry cache hash table entries: 131072 (order: 8, 1048576 bytes)
[   19.006831] Inode-cache hash table entries: 65536 (order: 7, 524288 bytes)
[   19.018601] Mount-cache hash table entries: 2048 (order: 2, 16384 bytes)
[   19.027621] Mountpoint-cache hash table entries: 2048 (order: 2, 16384 bytes)
[   19.115634] Initializing cgroup subsys io
[   19.139670] Initializing cgroup subsys memory
[   19.141522] Initializing cgroup subsys devices
[   19.151002] Initializing cgroup subsys freezer
[   19.160889] Initializing cgroup subsys net_cls
[   19.171128] Initializing cgroup subsys perf_event
[   19.238410] Initializing cgroup subsys net_prio
[   19.259670] Initializing cgroup subsys hugetlb
[   19.276382] Initializing cgroup subsys pids
[   19.277967] CPU: Physical Processor ID: 0
[   19.280259] CPU: Processor Core ID: 0
[   19.288122] FEATURE SPEC_CTRL Not Present
[   19.301811] mce: CPU supports 0 MCE banks
[   19.327459] Last level iTLB entries: 4KB 64, 2MB 8, 4MB 8
[   19.349795] Last level dTLB entries: 4KB 64, 2MB 0, 4MB 0, 1GB 4
[   19.405690] Spectre V2 mitigation: Mitigation: Full generic retpoline
[   19.465084] Spectre V2 mitigation: Speculation control IBPB not-supported IBRS not-supported
[   19.559541] Freeing SMP alternatives memory: 32K
[   19.638461] ftrace: allocating 32186 entries in 126 pages
[   19.767173] smpboot: APIC(0) Converting physical 0 to logical package 0
[   19.892021] smpboot: Max logical packages: 1
[   19.962257] x2apic enabled
[   19.986610] Switched APIC routing to physical x2apic.
[   20.063199] ..TIMER: vector=0x30 apic1=0 pin1=2 apic2=-1 pin2=-1
[   20.201597] smpboot: CPU0: Intel(R) Core(TM) i5-5257U CPU @ 2.70GHz (family: 0x6, model: 0x3d, stepping: 0x4)
[   20.274592] Performance Events: unsupported p6 CPU model 61 no PMU driver, software events only.
[   20.355242] KVM setup paravirtual spinlock
[   20.413372] x86: Booting SMP configuration:
[   20.454942] .... node  #0, CPUs:      #1
[   20.473051] kvm-clock: cpu 1, msr 0:3ffe3041, secondary cpu clock
[   20.510239] mce: CPU supports 0 MCE banks
[   20.517150] x86: Booted up 1 node, 2 CPUs
[   20.535249] smpboot: Total of 2 processors activated (10799.99 BogoMIPS)
[   20.575296] devtmpfs: initialized
[   20.622138] evm: security.selinux
[   20.626946] evm: security.SMACK64
[   20.628139] evm: security.SMACK64EXEC
[   20.678196] evm: security.SMACK64TRANSMUTE
[   20.721698] evm: security.SMACK64MMAP
[   20.722977] evm: security.ima
[   20.742178] evm: security.capability
[   20.806302] clocksource: jiffies: mask: 0xffffffff max_cycles: 0xffffffff, max_idle_ns: 7645041785100000 ns
[   20.946213] futex hash table entries: 512 (order: 3, 32768 bytes)
[   21.027572] pinctrl core: initialized pinctrl subsystem
[   21.098141] RTC time: 16:54:19, date: 03/04/18
[   21.131480] NET: Registered protocol family 16
[   21.177880] cpuidle: using governor ladder
[   21.205140] cpuidle: using governor menu
[   21.253766] PCCT header not found.
[   21.299667] ACPI: bus type PCI registered
[   21.356190] acpiphp: ACPI Hot Plug PCI Controller Driver version: 0.5
[   21.431086] PCI: Using configuration type 1 for base access
[   21.531122] ACPI: Added _OSI(Module Device)
[   21.610504] ACPI: Added _OSI(Processor Device)
[   21.654621] ACPI: Added _OSI(3.0 _SCP Extensions)
[   21.703014] ACPI: Added _OSI(Processor Aggregator Device)
[   21.775496] ACPI: Executed 1 blocks of module-level executable AML code
[   21.867827] ACPI: Interpreter enabled
[   21.922104] ACPI: (supports S0 S5)
[   21.966061] ACPI: Using IOAPIC for interrupt routing
[   22.041722] PCI: Using host bridge windows from ACPI; if necessary, use "pci=nocrs" and report a bug
[   22.170022] ACPI: PCI Root Bridge [PCI0] (domain 0000 [bus 00-ff])
[   22.250540] acpi PNP0A03:00: _OSC: OS supports [ASPM ClockPM Segments MSI]
[   22.333001] acpi PNP0A03:00: _OSC: not requesting OS control; OS requires [ExtendedConfig ASPM ClockPM MSI]
[   22.445471] acpi PNP0A03:00: fail to add MMCONFIG information, can't access extended PCI configuration space under this bridge.
[   22.593628] PCI host bridge to bus 0000:00
[   22.648709] pci_bus 0000:00: root bus resource [io  0x0000-0x0cf7 window]
[   22.675496] pci_bus 0000:00: root bus resource [io  0x0d00-0xffff window]
[   22.691640] pci_bus 0000:00: root bus resource [mem 0x000a0000-0x000bffff window]
[   22.780939] pci_bus 0000:00: root bus resource [mem 0x40000000-0xfdffffff window]
[   22.890235] pci_bus 0000:00: root bus resource [bus 00-ff]
[   22.960227] pci 0000:00:01.1: legacy IDE quirk: reg 0x10: [io  0x01f0-0x01f7]
[   23.064657] pci 0000:00:01.1: legacy IDE quirk: reg 0x14: [io  0x03f6]
[   23.171621] pci 0000:00:01.1: legacy IDE quirk: reg 0x18: [io  0x0170-0x0177]
[   23.207007] pci 0000:00:01.1: legacy IDE quirk: reg 0x1c: [io  0x0376]
[   23.330877] pci 0000:00:07.0: quirk: [io  0x4000-0x403f] claimed by PIIX4 ACPI
[   23.382111] pci 0000:00:07.0: quirk: [io  0x4100-0x410f] claimed by PIIX4 SMB
[   23.400074] ACPI: PCI Interrupt Link [LNKA] (IRQs 5 9 10 *11)
[   23.486767] ACPI: PCI Interrupt Link [LNKB] (IRQs 5 9 *10 11)
[   23.557438] ACPI: PCI Interrupt Link [LNKC] (IRQs 5 *9 10 11)
[   23.634736] ACPI: PCI Interrupt Link [LNKD] (IRQs 5 9 10 *11)
[   23.716179] ACPI: Enabled 2 GPEs in block 00 to 07
[   23.760230] vgaarb: setting as boot device: PCI:0000:00:02.0
[   23.853567] vgaarb: device added: PCI:0000:00:02.0,decodes=io+mem,owns=io+mem,locks=none
[   23.948280] vgaarb: loaded
[   23.993341] vgaarb: bridge control possible 0000:00:02.0
[   24.026175] SCSI subsystem initialized
[   24.082618] ACPI: bus type USB registered
[   24.136035] usbcore: registered new interface driver usbfs
[   24.224051] usbcore: registered new interface driver hub
[   24.284994] usbcore: registered new device driver usb
[   24.329598] PCI: Using ACPI for IRQ routing
[   24.385250] NetLabel: Initializing
[   24.386475] NetLabel:  domain hash size = 128
[   24.434497] NetLabel:  protocols = UNLABELED CIPSOv4
[   24.490451] NetLabel:  unlabeled traffic allowed by default
[   24.557455] amd_nb: Cannot enumerate AMD northbridges
[   24.636884] clocksource: Switched to clocksource kvm-clock
[   247546Aprm: pAorilsyemnaed[ 25.33] pn: P ACPIin
  25480]pn P AI:ou 3eves
[   26.211895] clocksource: acpi_pm: mask: 0xffffff max_cycles: 0xffffff, max_idle_ns: 2085701024 ns
[   26.230093] NET: Registered protocol family 2
[   26.334312] TCP established hash table entries: 8192 (order: 4, 65536 bytes)
[   26.382994] TCP bind hash table entries: 8192 (order: 5, 131072 bytes)
[   26.495096] TCP: Hash tables configured (established 8192 bind 8192)
[   26.497218] UDP hash table entries: 512 (order: 2, 16384 bytes)
[   26.499165] UDP-Lite hash table entries: 512 (order: 2, 16384 bytes)
[   26.509087] NET: Registered protocol family 1
[   26.590692] pci 0000:00:00.0: Limiting direct PCI/PCI transfers
[   26.682817] pci 0000:00:01.0: Activating ISA DMA hang workarounds
[   26.745081] Unpacking initramfs...
[   28.662588] Freeing initrd memory: 10848K
[   28.696647] RAPL PMU detected, API unit is 2^-32 Joules, 4 fixed counters 10737418240 ms ovfl timer
[   28.822835] hw unit of domain pp0-core 2^-0 Joules
[   28.899634] hw unit of domain package 2^-0 Joules
[   28.963050] hw unit of domain dram 2^-0 Joules
[   29.001241] hw unit of domain pp1-gpu 2^-0 Joules
[   290203plform rtc_cmos: reisreplfom C evic(nPNdeicfod)[ 298796 Sanngor lo mmoy orupioevry 60econds
[  305389 t: fiedSClosocealraon:69.1 MHz
[   1.37] loksrc t: sk0xffffffffaxyces0x6e814a4742, max_idle_n: 4052089 
ÿ[   3253568]aut:nialinneinsuys(dabd)
[   32.253581] audit: type=2000 audit(1520182452.138:1): initialized
[   32.253824] Initialise system trusted keyring
[   32.253918] HugeTLB registered 2 MB page size, pre-allocated 0 pages
[   32.255693] zbud: loaded
[   32.256019] VFS: Disk quotas dquot_6.6.0
[   32.256050] VFS: Dquot-cache hash table entries: 512 (order 0, 4096 bytes)
[   32.256276] squashfs: version 4.0 (2009/01/31) Phillip Lougher
[   32.256488] fuse init (API version 7.23)
[   32.256603] Key type big_key registered
[   32.256618] Allocating IMA MOK and blacklist keyrings.
[   32.256834] Key type asymmetric registered
[   32.256835] Asymmetric key parser 'x509' registered
[   32.256867] Block layer SCSI generic (bsg) driver version 0.4 loaded (major 249)
[   32.256888] io scheduler noop registered
[   32.256890] io scheduler deadline registered (default)
[   32.256972] io scheduler cfq registered
[   32.257069] pci_hotplug: PCI Hot Plug PCI Core version: 0.5
[   32.257074] pciehp: PCI Express Hot Plug Controller Driver version: 0.4
[   32.257428] ACPI: AC Adapter [AC] (on-line)
[   32.257483] input: Power Button as /devices/LNXSYSTM:00/LNXPWRBN:00/input/input0
[   32.257486] ACPI: Power Button [PWRF]
[   32.257573] input: Sleep Button as /devices/LNXSYSTM:00/LNXSLPBN:00/input/input1
[   32.257575] ACPI: Sleep Button [SLPF]
[   32.257733] GHES: HEST is not enabled!
[   32.257817] Serial: 8250/16550 driver, 32 ports, IRQ sharing enabled
[   32.511189] 00:02: ttyS0 at I/O 0x3f8 (irq = 4, base_baud = 115200) is a 16550A
[   33.150417] Linux agpgart interface v0.103
[   33.212693] ACPI: Battery Slot [BAT0] (battery present)
[   33.232803] loop: module loaded
[   33.234255] scsi host0: ata_piix
[   33.234754] scsi host1: ata_piix
[   33.234799] ata1: PATA max UDMA/33 cmd 0x1f0 ctl 0x3f6 bmdma 0xd000 irq 14
[   33.234801] ata2: PATA max UDMA/33 cmd 0x170 ctl 0x376 bmdma 0xd008 irq 15
[   33.235151] libphy: Fixed MDIO Bus: probed
[   33.235155] tun: Universal TUN/TAP device driver, 1.6
[   33.235155] tun: (C) 1999-2004 Max Krasnyansky <maxk@qualcomm.com>
[   33.236159] PPP generic driver version 2.4.2
[   33.236269] ehci_hcd: USB 2.0 'Enhanced' Host Controller (EHCI) Driver
[   33.236275] ehci-pci: EHCI PCI platform driver
[   33.236294] ehci-platform: EHCI generic platform driver
[   33.236304] ohci_hcd: USB 1.1 'Open' Host Controller (OHCI) Driver
[   33.236308] ohci-pci: OHCI PCI platform driver
[   33.236318] ohci-platform: OHCI generic platform driver
[   33.236327] uhci_hcd: USB Universal Host Controller Interface driver
[   33.236399] i8042: PNP: PS/2 Controller [PNP0303:PS2K,PNP0f03:PS2M] at 0x60,0x64 irq 1,12
[   33.260234] serio: i8042 KBD port at 0x60,0x64 irq 1
[   33.260241] serio: i8042 AUX port at 0x60,0x64 irq 12
[   33.260370] mousedev: PS/2 mouse device common for all mice
[   33.260690] rtc_cmos rtc_cmos: rtc core: registered rtc_cmos as rtc0
[   33.260742] rtc_cmos rtc_cmos: alarms up to one day, 114 bytes nvram
[   33.260748] i2c /dev entries driver
[   33.260802] device-mapper: uevent: version 1.0.3
[   33.260849] device-mapper: ioctl: 4.34.0-ioctl (2015-10-28) initialised: dm-devel@redhat.com
[   33.260869] ledtrig-cpu: registered to indicate activity on CPUs
[   33.261178] NET: Registered protocol family 10
[   33.261319] NET: Registered protocol family 17
[   33.261330] Key type dns_resolver registered
[   33.270679] microcode: CPU0 sig=0x306d4, pf=0x40, revision=0x0
[   33.270772] microcode: CPU1 sig=0x306d4, pf=0x40, revision=0x0
[   33.270845] microcode: Microcode Update Driver: v2.01 <tigran@aivazian.fsnet.co.uk>, Peter Oruba
[   33.271006] registered taskstats version 1
[   33.271022] Loading compiled-in X.509 certificates
[   33.271874] Loaded X.509 cert 'Build time autogenerated kernel key: aa84f01984fbd529c105810b59e379d349698248'
[   33.271898] zswap: loaded using pool lzo/zbud
[   33.273812] Key type trusted registered
[   33.278214] Key type encrypted registered
[   33.278221] AppArmor: AppArmor sha1 policy hashing enabled
[   33.278223] ima: No TPM chip found, activating TPM-bypass!
[   33.278244] evm: HMAC attrs: 0x1
[   33.278578]   Magic number: 10:867:943
[   33.278602] tty tty0: hash matches
[   33.278603] tty console: hash matches
[   33.282653] rtc_cmos rtc_cmos: setting system clock to 2018-03-04 16:54:31 UTC (1520182471)
[   33.282949] BIOS EDD facility v0.16 2004-Jun-25, 0 devices found
[   33.282949] EDD information not available.
[   33.445639] input: AT Translated Set 2 keyboard as /devices/platform/i8042/serio0/input/input2
[   37.611180] Freeing unused kernel memory: 1508K
[   37.642509] Write protecting the kernel read-only data: 14336k
[   37.723569] Freeing unused kernel memory: 1700K
[   37.727367] Freeing unused kernel memory: 104K
Loading, please [   37.763611] random: systemd-udevd: uninitialized urandom read (16 bytes read, 7 bits of entropy available)
wait...
startin[   37.764317] random: udevadm: uninitialized urandom read (16 bytes read, 7 bits of entropy available)
g version 229
[   37.764334] random: udevadm: uninitialized urandom read (16 bytes read, 7 bits of entropy available)
[   37.773456] random: udevadm: uninitialized urandom read (16 bytes read, 7 bits of entropy available)
[   37.773498] random: udevadm: uninitialized urandom read (16 bytes read, 7 bits of entropy available)
[   37.773621] random: udevadm: uninitialized urandom read (16 bytes read, 7 bits of entropy available)
[   37.773665] random: udevadm: uninitialized urandom read (16 bytes read, 7 bits of entropy available)
[   37.773710] random: udevadm: uninitialized urandom read (16 bytes read, 7 bits of entropy available)
[   37.773752] random: udevadm: uninitialized urandom read (16 bytes read, 7 bits of entropy available)
[   37.773793] random: udevadm: uninitialized urandom read (16 bytes read, 7 bits of entropy available)
[   38.829446] e1000: Intel(R) PRO/1000 Network Driver - version 7.3.21-k8-NAPI
[   38.889524] e1000: Copyright (c) 1999-2006 Intel Corporation.
[   38.897881] Fusion MPT base driver 3.04.20
[   38.907538] Copyright (c) 1999-2008 LSI Corporation
[   38.917175] Fusion MPT SPI Host driver 3.04.20
[   38.965805] AVX2 version of gcm_enc/dec engaged.
[   38.972757] AES CTR mode by8 optimization enabled
[   39.116356] input: ImExPS/2 Generic Explorer Mouse as /devices/platform/i8042/serio1/input/input4
[   39.336795] e1000 0000:00:03.0 eth0: (PCI:33MHz:32-bit) 02:24:89:81:87:2f
[   39.406412] e1000 0000:00:03.0 eth0: Intel(R) PRO/1000 Network Connection
[   39.422736] e1000 0000:00:03.0 enp0s3: renamed from eth0
[   39.513993] mptbase: ioc0: Initiating bringup
[   39.645358] ioc0: LSI53C1030 A0: Capabilities={Initiator}
[   39.896065] scsi host2: ioc0: LSI53C1030 A0, FwRev=00000000h, Ports=1, MaxQ=256, IRQ=20
[   40.185549] scsi 2:0:0:0: Direct-Access     VBOX     HARDDISK         1.0  PQ: 0 ANSI: 5
[   40.259183] scsi target2:0:0: Beginning Domain Validation
[   40.336970] scsi target2:0:0: Domain Validation skipping write tests
[   40.392668] scsi target2:0:0: Ending Domain Validation
[   40.444469] scsi target2:0:0: asynchronous
[   40.500412] scsi 2:0:1:0: Direct-Access     VBOX     HARDDISK         1.0  PQ: 0 ANSI: 5
[   40.567478] scsi target2:0:1: Beginning Domain Validation
[   40.654214] scsi target2:0:1: Domain Validation skipping write tests
[   40.704440] scsi target2:0:1: Ending Domain Validation
[   40.764988] scsi target2:0:1: asynchronous
[   40.850838] sd 2:0:0:0: Attached scsi generic sg0 type 0
[   40.890021] sd 2:0:0:0: [sda] 20971520 512-byte logical blocks: (10.7 GB/10.0 GiB)
[   41.015138] sd 2:0:1:0: [sdb] 20480 512-byte logical blocks: (10.5 MB/10.0 MiB)
[   41.015527] sd 2:0:0:0: [sda] Write Protect is off
[   41.015650] sd 2:0:0:0: [sda] Incomplete mode parameter data
[   41.015651] sd 2:0:0:0: [sda] Assuming drive cache: write through
[   41.026012] sd 2:0:1:0: Attached scsi generic sg1 type 0
[   41.027868]  sda: sda1
[   41.028631] sd 2:0:0:0: [sda] Attached SCSI disk
[   41.135282] sd 2:0:1:0: [sdb] Write Protect is off
[   41.173022] sd 2:0:1:0: [sdb] Incomplete mode parameter data
[   41.254594] sd 2:0:1:0: [sdb] Assuming drive cache: write through
[   41.309162] sd 2:0:1:0: [sdb] Attached SCSI disk
[   41.902018] floppy0: no floppy controllers found
Begin: Loading e[   43.278850] md: linear personality registered for level -1
ssential drivers[   43.360657] md: multipath personality registered for level -4
 ... [   43.431457] md: raid0 personality registered for level 0
[   43.504709] md: raid1 personality registered for level 1
[   43.612994] raid6: sse2x1   gen()  5291 MB/s
[   43.702450] raid6: sse2x1   xor()  6395 MB/s
[   43.805293] raid6: sse2x2   gen() 10139 MB/s
[   43.937030] raid6: sse2x2   xor()  7819 MB/s
[   44.085007] raid6: sse2x4   gen() 12723 MB/s
[   44.237282] raid6: sse2x4   xor()  8920 MB/s
[   44.349049] raid6: avx2x1   gen() 12457 MB/s
[   44.439087] raid6: avx2x2   gen() 20976 MB/s
[   44.612942] raid6: avx2x4   gen() 22792 MB/s
[   44.658535] raid6: using algorithm avx2x4 gen() 22792 MB/s
[   44.666845] raid6: using avx2x2 recovery algorithm
[   44.669988] xor: automatically using best checksumming function:
[   44.789169]    avx       : 18791.000 MB/sec
[   44.866963] async_tx: api initialized (async)
[   44.909450] md: raid6 personality registered for level 6
[   44.960708] md: raid5 personality registered for level 5
[   45.029404] md: raid4 personality registered for level 4
[   45.135749] md: raid10 personality registered for level 10
done.
Begin: Running /scripts/init-premount ... done.
Begin: Mounti[   45.256301] Btrfs loaded
ng root file system ... Begin: Running /scripts/local-top ... done.
Begin: Running /scripts/local-premount ... [   45.311937] EXT4-fs (sda1): mounted filesystem with ordered data mode. Opts: (null)
Scanning for Btrfs filesystems
done.
Warning: fsck not present, so skipping root file system
done.
Begin: Running /scripts/local-bottom ... done.
Begin: Running /scripts/init-bottom ... done.
[   45.489806] systemd[1]: systemd 229 running in system mode. (+PAM +AUDIT +SELINUX +IMA +APPARMOR +SMACK +SYSVINIT +UTMP +LIBCRYPTSETUP +GCRYPT +GNUTLS +ACL +XZ -LZ4 +SECCOMP +BLKID +ELFUTILS +KMOD -IDN)
[   45.726473] systemd[1]: Detected virtualization oracle.
[   45.782006] systemd[1]: Detected architecture x86-64.

Welcome to [1mUbuntu 16.04.4 LTS[0m!

[   45.817874] systemd[1]: Set hostname to <srv-eva1>.
[   45.979209] systemd[1]: Listening on /dev/initctl Compatibility Named Pipe.
[[0;32m  OK  [0m] Listening on /dev/initctl Compatibility Named Pipe.
[   46.077920] systemd[1]: Reached target System Time Synchronized.
[[0;32m  OK  [0m] Reached target System Time Synchronized.
[   46.170449] systemd[1]: Created slice User and Session Slice.
[[0;32m  OK  [0m] Created slice User and Session Slice.
[   46.269515] systemd[1]: Started Forward Password Requests to Wall Directory Watch.
[[0;32m  OK  [0m] Started Forward Password Requests to Wall Directory Watch.
[   46.380140] systemd[1]: Listening on Journal Socket.
[[0;32m  OK  [0m] Listening on Journal Socket.
[   46.460842] systemd[1]: Created slice System Slice.
[[0;32m  OK  [0m] Created slice System Slice.
[   46.541298] systemd[1]: Starting Create list of required static device nodes for the current kernel...
         Starting Create list of required st... [   46.613832] random: nonblocking pool is initialized
nodes for the current kernel...
[   47.715925] systemd[1]: Reached target Swap.
[[0;32m  OK  [0m] Reached target Swap.
[   47.777994] systemd[1]: Listening on Journal Audit Socket.
[[0;32m  OK  [0m] Listening on Journal Audit Socket.
[   47.950258] systemd[1]: Listening on LVM2 metadata daemon socket.
[[0;32m  OK  [0m] Listening on LVM2 metadata daemon socket.
[   48.089415] systemd[1]: Starting Load Kernel Modules...
[   48053]oangSC tnsrtlas v.070

         Startin[   48.693106] iscsi: registered transport (tcp)
g Load Kernel Modules...
[   48.766182] systemd[1]: Reached target User and Group Name Lookups.
[[0;32m  OK  [[   48.800552] iscsi: registered transport (iser)
0m] Reached target User and Group Name Lookups.
[   48.903099] systemd[1]: Listening on udev Control Socket.
[[0;32m  OK  [0m] Listening on udev Control Socket.
[   49.041426] systemd[1]: Starting Uncomplicated firewall...
         Starting Uncomplicated firewall...
[   49.144199] systemd[1]: Starting Set console keymap...
         Starting Set console keymap...
[   49.217185] systemd[1]: Starting Nameserver information manager...
         Starting Nameserver information manager...
[ 49412]syemd[1]: Ceated slice system-serial\x2dgey.lice.
[[0;32m  OK  [0m] Created slice system-serial\x2dgetty.slice.
[   49.797474] systemd[1]: Mounting Huge Pages File System...
         Mounting Huge Pages File System...
[   49205] sysmd]: Setuputout rbtry ectaleile ForatFi Ste Automoun Pnt

[[0;32m  OK  [0m] Set up automount Arbitrary Executab...ats File System Automount Point.
[   509939syem1]LienngonJornl oct /dev/log).
[[0;32m  OK  [0m] Listening on Journal Socket (/dev/log).
[   51.581676] syte[1 Rched target Encrypted Volumes.
[[0;32m  OK  [0m] Reached target Encrypted Volumes.
[   51.833682] systemd[1]: Mounting POSIX Message Queue File System...
         Mounting POSIX Message Queue File System...
[ 513715syem1]Listening on udev Kernel Socket.
[[0;32m  OK  [0m] Listening on udev Kernel Socket.
[ 52788]ysem[1]: Listning on vi-mper eventdaonIF.
[[0;32m  OK  [0m] Listening on Device-mapper event daemon FIFOs.
[   53.033529] systemd[1]: Starting Monitoring of LVM2 mirrors, snapshots etc. using dmeventd or progress polling...
         Starting Monitoring of LVM2 mirrors... dmeventd or progress polling...
[ 53389]ysmd]:Listening on LVM2 poll daemon socket.
[[0;32m  OK  [0m] Listening on LVM2 poll daemon socket.
[   53.609315] systemd[1]: Starting Remount Root and Kernel File Systems...
         Starting Remount[   53.695980] EXT4-fs (sda1): re-mounted. Opts: (null)
 Root and Kernel File Systems...
[   53.789499] systemd[1]: Mounting Debug File System...
         Mounting Debug File System...
[   53.882299] systemd[1]: Reached target Slices.
[[0;32m  OK  [0m] Reached target Slices.
[ 53293]ysmd]:isni oSyogoct.
[[0;32m  OK  [0m] Listening on Syslog Socket.
[   54.634035] systemd[1]: Starting Journal Service...
         Starting Journal Service...
[   54.701276] systemd[1]: Started Trigger resolvconf update for networkd DNS.
[[0;32m  OK  [0m] Started Trigger resolvconf update for networkd DNS.
[   54.804028] systemd[1]: Mounted Debug File System.
[[0;32m  OK  [0m] Mounted Debug File System.
[ 54539]ysmd1]MountedPOX sse eu Fleysm.
[[0;32m  OK  [0m] Mounted POSIX Message Queue File System.
[   56239 sstemd[1]:Moted Huge PageFi Sstem.
[[0;32m  OK  [0m] Mounted Huge Pages File System.
[   5.193 system[1 StteJona Seric.
[[0;32m  OK  [0m] Started Journal Service.
[[0;32m  OK  [0m] Started Create list of required sta...ce nodes for the current kernel.
[[0;32m  OK  [0m] Started Load Kernel Modules.
[[0;32m  OK  [0m] Started Uncomplicated firewall.
[[0;32m  OK  [0m] Started Set console keymap.
[[0;32m  OK  [0m] Started Remount Root and Kernel File Systems.
[[0;32m  OK  [0m] Started Nameserver information manager.
[[0;32m  OK  [0m] Started LVM2 metadata daemon.
         Starting Initial cloud-init job (pre-networking)...
         Starting udev Coldplug all Devices...
         Starting Load/Save Random Seed...
         Starting Apply Kernel Variables...
         Mounting FUSE Control File System...
         Starting Create Static Device Nodes in /dev...
         Starting Flush Journal to Persistent Storage...
[[0;32m  OK  [0m] Mounted FUSE Control File System.
[[0;32m  OK  [0m] Started Monitoring of LVM2 mirrors,...ng dmeventd or progress polling.
[[0;32m  OK  [0m] Started Load/Save Random Seed.
[[0;32m  OK  [0m] Started Apply Kernel Variables.
[[0;32m  OK  [0m] Started Create Static Device Nodes in /dev.
[[0;32m  OK  [0m] Started udev Coldplug all Devices.
[[0;32m  OK  [0m] Started Flush Journal to Persistent Storage.
         Starting udev Kernel Device Manager...
[[0;32m  OK  [0m] Started udev Kernel Device Manager.
[[0;32m  OK  [0m] Reached target Local File Systems (Pre).
[[0;32m  OK  [0m] Reached target Local File Systems.
         Starting LSB: AppArmor initialization...
[   33.922341] cloud-init[448]: Cloud-init v. 17.1 running 'init-local' at Sun, 04 Mar 2018 16:54:55 +0000. Up 33.62 seconds.
         Starting Create Volatile Files and Directories...
         Starting Tell Plymouth To Write Out Runtime Data...
         Starting Set console font and keymap...
[[0;32m  OK  [0m] Started Dispatch Password Requests to Console Directory Watch.
[[0;32m  OK  [0m] Started Create Volatile Files and Directories.
[[0;32m  OK  [0m] Started Tell Plymouth To Write Out Runtime Data.
[[0;32m  OK  [0m] Started Initial cloud-init job (pre-networking).
[[0;32m  OK  [0m] Found device /dev/ttyS0.
[[0;32m  OK  [0m] Reached target Network (Pre).
         Starting Update UTMP about System Boot/Shutdown...
[[0;32m  OK  [0m] Started Set console font and keymap.
[[0;32m  OK  [0m] Listening on Load/Save RF Kill Switch Status /dev/rfkill Watch.
[[0;32m  OK  [0m] Created slice system-getty.slice.
[[0;32m  OK  [0m] Started LSB: AppArmor initialization.
[[0;32m  OK  [0m] Started Update UTMP about System Boot/Shutdown.
[[0;32m  OK  [0m] Started ifup for enp0s3.
         Starting Raise network interfaces...
[[0;32m  OK  [0m] Found device 82540EM Gigabit Ethern...r (PRO/1000 MT Desktop Adapter).
[[0;32m  OK  [0m] Started Raise network interfaces.
[[0;32m  OK  [0m] Reached target Network.
         Starting Initial cloud-init job (metadata service crawler)...
[   37.906616] cloud-init[977]: Cloud-init v. 17.1 running 'init' at Sun, 04 Mar 2018 16:54:59 +0000. Up 37.63 seconds.
[   38.024990] cloud-init[977]: ci-info: +++++++++++++++++++++++++++++++++++++Net device info++++++++++++++++++++++++++++++++++++++
[   38.119444] cloud-init[977]: ci-info: +--------+------+----------------------------+---------------+-------+-------------------+
[[0;32m  OK  [0m] Started Initial cloud-init job (metadata service crawler).
[   38.341308] [cloud-init[0;32m  OK  [0m[977]: ] ci-info: | Device |  Up  |          Address           |      Mask     | Scope |     Hw-Address    |Reached target Cloud-config availability.

[   38.553443] [cloud-init[0;32m  OK  [0m[977]: ] ci-info: +--------+------+----------------------------+---------------+-------+-------------------+Reached target Network is Online.

[   38.555000] cloud-init[977]: ci-info: | enp0s3 | True |         10.0.2.15          | 255.255.255.0 |   .   | 02:24:89:81:87:2f |
[   38.788802]          cloud-initStarting iSCSI initiator daemon (iscsid)...[977]: 
ci-info: | enp0s3 | True | fe80::24:89ff:fe81:872f/64 |       .       |  link | 02:24:89:81:87:2f |
[   39.008567] [cloud-init[0;32m  OK  [0m[977]: ] ci-info: |   lo   | True |         127.0.0.1          |   255.0.0.0   |   .   |         .         |Reached target System Initialization.

[   39.009331] cloud-init[977]: ci-info: |   lo   | True |          ::1/128           |       .       |  host |         .         |
[   39.280517]          cloud-initStarting LXD - unix socket.[977]: 
ci-info: +--------+------+----------------------------+---------------+-------+-------------------+
[   39.419458] [[0;32m  OK  [0m] Started Timer to automatically refresh installed snaps.
cloud-init[977]: ci-info: +++++++++++++++++++++++++++Route IPv4 info++++++++++++++++++++++++++++
[   39.609602]          cloud-initStarting Socket activation for snappy daemon.[977]: 
ci-info: +-------+-------------+----------+---------------+-----------+-------+
[   39.761572] [cloud-init[0;32m  OK  [0m[977]: ] ci-info: | Route | Destination | Gateway  |    Genmask    | Interface | Flags |Listening on D-Bus System Message Bus Socket.

[   39.762589] cloud-init[977]: ci-info: +-------+-------------+----------+---------------+-----------+-------+
[   39.913020] [cloud-init[0;32m  OK  [0m[977]: ] ci-info: |   0   |   0.0.0.0   | 10.0.2.2 |    0.0.0.0    |   enp0s3  |   UG  |Started ACPI Events Check.

[   40.073508] [cloud-init[0;32m  OK  [0m[977]: ] ci-info: |   1   |   10.0.2.0  | 0.0.0.0  | 255.255.255.0 |   enp0s3  |   U   |Reached target Paths.

[[0;32m  OK  [0m] Listening on ACPID Listen Socket.
[   40.075040] cloud-init[977]: ci-info: +-------+-------------+----------+---------------+-----------+-------+
[[0;32m  OK  [0m] Listening on UUID daemon activation socket.
[[0;32m  OK  [0m] Started Daily Cleanup of Temporary Directories.
[[0;32m  OK  [0m] Started Daily apt download activities.
[[0;32m  OK  [0m] Started Daily apt upgrade and clean activities.
[[0;32m  OK  [0m] Reached target Timers.
[[0;32m  OK  [0m] Listening on LXD - unix socket.
[[0;32m  OK  [0m] Listening on Socket activation for snappy daemon.
[[0;32m  OK  [0m] Started iSCSI initiator daemon (iscsid).
         Starting Login to default iSCSI targets...
[[0;32m  OK  [0m] Reached target Sockets.
[[0;32m  OK  [0m] Reached target Basic System.
[[0;32m  OK  [0m] Started ACPI event daemon.
         Starting LSB: Record successful boot for GRUB...
         Starting Apply the settings specified in cloud-config...
         Starting Snappy daemon...
         Starting Accounts Service...
         Starting vboxadd.service...
         Starting System Logging Service...
         Starting /etc/rc.local Compatibility...
         Starting OpenBSD Secure Shell server...
[[0;32m  OK  [0m] Started Deferred execution scheduler.
[[0;32m  OK  [0m] Started D-Bus System Message Bus.
[[0;32m  OK  [0m] Started FUSE filesystem for LXC.
[[0;32m  OK  [0m] Started Unattended Upgrades Shutdown.
         Starting Login Service...
[[0;32m  OK  [0m] Started Regular background program processing daemon.
[   41.817279] cloud-init[1046]: Cloud-init v. 17.1 running 'modules:config' at Sun, 04 Mar 2018 16:55:03 +0000. Up 41.57 seconds.
         Starting LSB: MD monitoring daemon...
         Starting LXD - container startup/shutdown...
[[0;32m  OK  [0m] Started Snappy daemon.
[[0;32m  OK  [0m] Started System Logging Service.
[[0;32m  OK  [0m] Started OpenBSD Secure Shell server.
[[0;32m  OK  [0m] Started Apply the settings specified in cloud-config.
[[0;32m  OK  [0m] Started vboxadd.service.
[[0;32mm OK  [0m] Started /etc/rc.local Compatibility.
[[0;32m  OK  [0m] Started LXD - container startup/shutdown.
[[0;32m  OK  [0m] Started Login to default iSCSI targets.
[[0;32m  OK  [0m] Started LSB: Record successful boot for GRUB.
[[0;32m  OK  [0m] Started LSB: MD monitoring daemon.
         Starting Authenticate and Authorize Users to Run Privileged Tasks...
[[0;32m  OK  [0m] Reached target Remote File Systems (Pre).
[[0;32m  OK  [0m] Reached target Remote File Systems.
         Starting LSB: daemon to balance interrupts for SMP systems...
         Starting LSB: automatic crash report generation...
         Starting LSB: Set the CPU Frequency Scaling governor to "ondemand"...
         Starting Permit User Sessions...
         Starting vboxadd-service.service...
[[0;32m  OK  [0m] Started Permit User Sessions.
[[0;32m  OK  [0m] Started Login Service.
[[0;32m  OK  [0m] Started Authenticate and Authorize Users to Run Privileged Tasks.
[[0;32m  OK  [0m] Started vboxadd-service.service.
[[0;32m  OK  [0m] Started Accounts Service.
[[0;32m  OK  [0m] Created slice User Slice of vagrant.
         Starting User Manager for UID 1000...
[[0;32m  OK  [0m] Started Session 1 of user vagrant.
         Starting Hold until boot process finishes up...
         Starting Terminate Plymouth Boot Screen...
[[0;32m  OK  [0m] Started User Manager for UID 1000.
[[0;32m  OK  [0m] Started LSB: daemon to balance interrupts for SMP systems.
[[0;32m  OK  [0m] Started LSB: automatic crash report generation.
[[0;32m  OK  [0m] Started LSB: Set the CPU Frequency Scaling governor to "ondemand".
[[0;32m  OK  [0m] Started Hold until boot process finishes up.
[[0;32m  OK  [0m] Started Terminate Plymouth Boot Screen.
[[0;32m  OK  [0m] Started Serial Getty on ttyS0.
         Starting Set console scheme...
[[0;32m  OK  [0m] Started Getty on tty1.
[[0;32m  OK  [0m] Reached target Login Prompts.
[[0;32m  OK  [0m] Reached target Multi-User System.
[[0;32m  OK  [0m] Reached target Graphical Interface.
         Starting Update UTMP about System Runlevel Changes...
         Starting Execute cloud user/final scripts...
[[0;32m  OK  [0m] Started Set console scheme.
[[0;32m  OK  [0m] Started Update UTMP about System Runlevel Changes.
[   44.268362] cloud-init[1238]: Cloud-init v. 17.1 running 'modules:final' at Sun, 04 Mar 2018 16:55:06 +0000. Up 44.10 seconds.
[   44.381218] cloud-init[1238]: Cloud-init v. 17.1 finished at Sun, 04 Mar 2018 16:55:06 +0000. Datasource DataSourceNoCloud [seed=/dev/sdb][dsmode=net].  Up 44.25 seconds
[[0;32m  OK  [0m] Started Execute cloud user/final scripts.
[[0;32m  OK  [0m] Reached target Cloud-init target.

Ubuntu 16.04.4 LTS srv-eva1 ttyS0

srv-eva1 login: 